H[developers][errors]: 2020/05/25 00:00:59 Logger starting...
H[devapi-for-cors-api][errors]: 2020/05/25 00:00:59 Logger starting...
H[developers][errors]: 2020/05/25 00:09:23 Logger starting...
H[devapi-for-cors-api][errors]: 2020/05/25 00:09:23 Logger starting...
H[developers][errors]: 2020/05/25 00:23:53 Logger starting...
H[devapi-for-cors-api][errors]: 2020/05/25 00:23:53 Logger starting...
H[developers][errors]: 2020/05/25 01:24:15 Logger starting...
H[devapi-for-cors-api][errors]: 2020/05/25 01:24:15 Logger starting...
H[developers][errors]: 2020/05/25 10:00:18 Logger starting...
H[devapi-for-cors-api][errors]: 2020/05/25 10:00:18 Logger starting...
H[developers][errors]: 2020/05/25 10:29:10 Logger starting...
H[devapi-for-cors-api][errors]: 2020/05/25 10:29:10 Logger starting...
H[developers][errors]: 2020/05/25 10:32:26 Logger starting...
H[devapi-for-cors-api][errors]: 2020/05/25 10:32:26 Logger starting...
H[developers][errors]: 2020/05/25 10:34:47 404 blocks/not-existing-block Error 404: no page found with parameters
H[developers][errors]: 2020/05/25 10:34:47 Error loading language: EOF
H[developers][errors]: 2020/05/25 10:34:49 Recompiling: ./example/application/pages/blocks/library-demo/library-demo.go
Error running go build:
exit status 1go: finding module for package github.com/webability-go/xamboo/server/assets
go: finding module for package github.com/webability-go/xamboo/example/app/bridge
example/application/pages/blocks/library-demo/library-demo.go:8:2: module github.com/webability-go/xamboo@latest found (v1.2.9, replaced by ../xamboo), but does not contain package github.com/webability-go/xamboo/example/app/bridge
example/application/pages/blocks/library-demo/library-demo.go:5:2: module github.com/webability-go/xamboo@latest found (v1.2.9, replaced by ../xamboo), but does not contain package github.com/webability-go/xamboo/server/assets

H[developers][errors]: 2020/05/25 10:34:49 ERROR: LIBRARY PAGE/BLOCK COULD NOT LOAD plugin.Open("./example/application/pages/blocks/library-demo/developers-library-demo.so.1"): realpath failed
H[developers][errors]: 2020/05/25 10:40:00 Logger starting...
H[devapi-for-cors-api][errors]: 2020/05/25 10:40:00 Logger starting...
H[developers][errors]: 2020/05/25 10:44:02 Logger starting...
H[devapi-for-cors-api][errors]: 2020/05/25 10:44:02 Logger starting...
H[developers][errors]: 2020/05/25 10:44:10 404 blocks/not-existing-block Error 404: no page found with parameters
H[developers][errors]: 2020/05/25 10:44:10 Error loading language: EOF
H[developers][errors]: 2020/05/25 10:44:10 Recompiling: ./example/application/pages/blocks/library-demo/library-demo.go
Error running go build:
exit status 1go: finding module for package github.com/webability-go/xamboo/server/assets
go: finding module for package github.com/webability-go/xamboo/example/app/bridge
example/application/pages/blocks/library-demo/library-demo.go:8:2: module github.com/webability-go/xamboo@latest found (v1.2.9, replaced by ../xamboo), but does not contain package github.com/webability-go/xamboo/example/app/bridge
example/application/pages/blocks/library-demo/library-demo.go:5:2: module github.com/webability-go/xamboo@latest found (v1.2.9, replaced by ../xamboo), but does not contain package github.com/webability-go/xamboo/server/assets

H[developers][errors]: 2020/05/25 10:44:10 ERROR: LIBRARY PAGE/BLOCK COULD NOT LOAD plugin.Open("./example/application/pages/blocks/library-demo/developers-library-demo.so.1"): realpath failed
H[developers][errors]: 2020/05/25 10:54:49 Logger starting...
H[devapi-for-cors-api][errors]: 2020/05/25 10:54:49 Logger starting...
H[developers][errors]: 2020/05/25 10:54:57 404 blocks/not-existing-block Error 404: no page found with parameters
H[developers][errors]: 2020/05/25 10:54:57 Error loading language: EOF
H[developers][errors]: 2020/05/25 10:54:57 Recompiling: ./example/application/pages/blocks/library-demo/library-demo.go
Error running go build:
exit status 1go: finding module for package github.com/webability-go/xamboo/example/app/bridge
go: finding module for package github.com/webability-go/xamboo/server/assets
example/application/pages/blocks/library-demo/library-demo.go:8:2: module github.com/webability-go/xamboo@latest found (v1.2.9, replaced by ../xamboo), but does not contain package github.com/webability-go/xamboo/example/app/bridge
example/application/pages/blocks/library-demo/library-demo.go:5:2: module github.com/webability-go/xamboo@latest found (v1.2.9, replaced by ../xamboo), but does not contain package github.com/webability-go/xamboo/server/assets

H[developers][errors]: 2020/05/25 10:54:57 ERROR: LIBRARY PAGE/BLOCK COULD NOT LOAD plugin.Open("./example/application/pages/blocks/library-demo/developers-library-demo.so.1"): realpath failed
H[developers][errors]: 2020/05/25 10:55:45 404 blocks/not-existing-block Error 404: no page found with parameters
H[developers][errors]: 2020/05/25 10:55:45 Error loading language: EOF
H[developers][errors]: 2020/05/25 10:55:45 Recompiling: ./example/application/pages/blocks/library-demo/library-demo.go
Error running go build:
exit status 1go: finding module for package github.com/webability-go/xamboo/example/app/bridge
example/application/pages/blocks/library-demo/library-demo.go:8:2: module github.com/webability-go/xamboo@latest found (v1.2.9, replaced by ../xamboo), but does not contain package github.com/webability-go/xamboo/example/app/bridge

H[developers][errors]: 2020/05/25 10:55:45 ERROR: LIBRARY PAGE/BLOCK COULD NOT LOAD plugin.Open("./example/application/pages/blocks/library-demo/developers-library-demo.so.2"): realpath failed
H[developers][errors]: 2020/05/25 10:57:17 Logger starting...
H[devapi-for-cors-api][errors]: 2020/05/25 10:57:17 Logger starting...
H[developers][errors]: 2020/05/25 10:57:19 404 blocks/not-existing-block Error 404: no page found with parameters
H[developers][errors]: 2020/05/25 10:57:19 Error loading language: EOF
H[developers][errors]: 2020/05/25 10:57:20 Recompiling: ./example/application/pages/blocks/library-demo/library-demo.go
Error running go build:
exit status 1go: finding module for package github.com/webability-go/xamboo/server/assets
example/app/bridge/bridge.go:8:2: module github.com/webability-go/xamboo@latest found (v1.2.9, replaced by ../xamboo), but does not contain package github.com/webability-go/xamboo/server/assets

H[developers][errors]: 2020/05/25 10:57:20 ERROR: LIBRARY PAGE/BLOCK COULD NOT LOAD plugin.Open("./example/application/pages/blocks/library-demo/developers-library-demo.so.1"): realpath failed
H[developers][errors]: 2020/05/25 10:58:08 404 blocks/not-existing-block Error 404: no page found with parameters
H[developers][errors]: 2020/05/25 10:58:08 Error loading language: EOF
H[developers][errors]: 2020/05/25 10:58:10 Recompiling: ./example/application/pages/blocks/library-demo/library-demo.go

H[developers][errors]: 2020/05/25 11:02:39 404 blocks/not-existing-block Error 404: no page found with parameters
H[developers][errors]: 2020/05/25 11:02:39 Error loading language: EOF
